<?xml version="1.0" encoding="UTF-8"?>
<!-- Generated by org.testng.reporters.JUnitReportReporter -->
<testsuite hostname="TXCHD-LAP-430" failures="0" tests="6" name="testCases.TC002_LoginTest" time="245.684" errors="0" timestamp="2026-08-08T20:14:46 IST" skipped="0">
  <testcase classname="testCases.TC002_LoginTest" name="verify_login" time="44.900"/>
  <testcase classname="testCases.TC002_LoginTest" name="verify_login" time="38.692"/>
  <testcase classname="testCases.TC002_LoginTest" name="verify_login" time="63.081"/>
  <testcase classname="testCases.TC002_LoginTest" name="verify_login" time="37.553"/>
  <testcase classname="testCases.TC002_LoginTest" name="verify_login" time="45.138"/>
  <testcase classname="testCases.TC002_LoginTest" name="verify_login" time="16.320"/>
</testsuite> <!-- testCases.TC002_LoginTest -->
